"C:/Users/ianra/Downloads/Grappler_Scroller_IanR (2)/SideScroller2_IanR/Content/Mannequin/Character/Mesh/UE4_Mannequin_Skeleton.uasset" 0
"C:/Users/ianra/Downloads/Grappler_Scroller_IanR (2)/SideScroller2_IanR/Content/Mannequin/Character/Mesh/UE4_Mannequin_Skeleton.uexp" 1
"C:/Users/ianra/Downloads/Grappler_Scroller_IanR (2)/SideScroller2_IanR/Content/Mannequin/Animations/ThirdPersonJump_End.uasset" 2
"C:/Users/ianra/Downloads/Grappler_Scroller_IanR (2)/SideScroller2_IanR/Content/Mannequin/Animations/ThirdPersonJump_End.uexp" 3
"C:/Users/ianra/Downloads/Grappler_Scroller_IanR (2)/SideScroller2_IanR/Content/Mannequin/Character/Mesh/SK_Mannequin_Female_PhysicsAsset.uasset" 4
"C:/Users/ianra/Downloads/Grappler_Scroller_IanR (2)/SideScroller2_IanR/Content/Mannequin/Character/Mesh/SK_Mannequin_Female_PhysicsAsset.uexp" 5
"C:/Users/ianra/Downloads/Grappler_Scroller_IanR (2)/SideScroller2_IanR/Content/Mannequin/Character/Textures/T_UE4Logo_N.uasset" 6
"C:/Users/ianra/Downloads/Grappler_Scroller_IanR (2)/SideScroller2_IanR/Content/Mannequin/Character/Textures/T_UE4Logo_N.uexp" 7
"C:/Users/ianra/Downloads/Grappler_Scroller_IanR (2)/SideScroller2_IanR/Content/Mannequin/Character/Textures/T_UE4Logo_N.ubulk" 8
"C:/Users/ianra/Downloads/Grappler_Scroller_IanR (2)/SideScroller2_IanR/Content/Mannequin/Character/Textures/T_UE4Logo_Mask.uasset" 9
"C:/Users/ianra/Downloads/Grappler_Scroller_IanR (2)/SideScroller2_IanR/Content/Mannequin/Character/Textures/T_UE4Logo_Mask.uexp" 10
"C:/Users/ianra/Downloads/Grappler_Scroller_IanR (2)/SideScroller2_IanR/Content/Mannequin/Character/Textures/T_UE4Logo_Mask.ubulk" 11
"C:/Users/ianra/Downloads/Grappler_Scroller_IanR (2)/SideScroller2_IanR/Content/Mannequin/Character/Textures/T_Male_N.uasset" 12
"C:/Users/ianra/Downloads/Grappler_Scroller_IanR (2)/SideScroller2_IanR/Content/Mannequin/Character/Textures/T_Male_N.uexp" 13
"C:/Users/ianra/Downloads/Grappler_Scroller_IanR (2)/SideScroller2_IanR/Content/Mannequin/Character/Textures/T_Male_N.ubulk" 14
"C:/Users/ianra/Downloads/Grappler_Scroller_IanR (2)/SideScroller2_IanR/Content/Mannequin/Character/Textures/T_Male_Mask.uasset" 15
"C:/Users/ianra/Downloads/Grappler_Scroller_IanR (2)/SideScroller2_IanR/Content/Mannequin/Character/Textures/T_Male_Mask.uexp" 16
"C:/Users/ianra/Downloads/Grappler_Scroller_IanR (2)/SideScroller2_IanR/Content/Mannequin/Character/Textures/T_Male_Mask.ubulk" 17
"C:/Users/ianra/Downloads/Grappler_Scroller_IanR (2)/SideScroller2_IanR/Content/Mannequin/Character/Materials/MaterialLayers/T_ML_Rubber_Blue_01_N.uasset" 18
"C:/Users/ianra/Downloads/Grappler_Scroller_IanR (2)/SideScroller2_IanR/Content/Mannequin/Character/Materials/MaterialLayers/T_ML_Rubber_Blue_01_N.uexp" 19
"C:/Users/ianra/Downloads/Grappler_Scroller_IanR (2)/SideScroller2_IanR/Content/Mannequin/Character/Materials/MaterialLayers/T_ML_Rubber_Blue_01_N.ubulk" 20
"C:/Users/ianra/Downloads/Grappler_Scroller_IanR (2)/SideScroller2_IanR/Content/Mannequin/Character/Materials/MaterialLayers/T_ML_Rubber_Blue_01_D.uasset" 21
"C:/Users/ianra/Downloads/Grappler_Scroller_IanR (2)/SideScroller2_IanR/Content/Mannequin/Character/Materials/MaterialLayers/T_ML_Rubber_Blue_01_D.uexp" 22
"C:/Users/ianra/Downloads/Grappler_Scroller_IanR (2)/SideScroller2_IanR/Content/Mannequin/Character/Materials/MaterialLayers/T_ML_Rubber_Blue_01_D.ubulk" 23
"C:/Users/ianra/Downloads/Grappler_Scroller_IanR (2)/SideScroller2_IanR/Content/Mannequin/Character/Materials/MaterialLayers/T_ML_Aluminum01_N.uasset" 24
"C:/Users/ianra/Downloads/Grappler_Scroller_IanR (2)/SideScroller2_IanR/Content/Mannequin/Character/Materials/MaterialLayers/T_ML_Aluminum01_N.uexp" 25
"C:/Users/ianra/Downloads/Grappler_Scroller_IanR (2)/SideScroller2_IanR/Content/Mannequin/Character/Materials/MaterialLayers/T_ML_Aluminum01_N.ubulk" 26
"C:/Users/ianra/Downloads/Grappler_Scroller_IanR (2)/SideScroller2_IanR/Content/Mannequin/Character/Materials/MaterialLayers/T_ML_Aluminum01.uasset" 27
"C:/Users/ianra/Downloads/Grappler_Scroller_IanR (2)/SideScroller2_IanR/Content/Mannequin/Character/Materials/MaterialLayers/T_ML_Aluminum01.uexp" 28
"C:/Users/ianra/Downloads/Grappler_Scroller_IanR (2)/SideScroller2_IanR/Content/Mannequin/Character/Materials/MaterialLayers/T_ML_Aluminum01.ubulk" 29
"C:/Users/ianra/Downloads/Grappler_Scroller_IanR (2)/SideScroller2_IanR/Content/Mannequin/Character/Materials/MaterialLayers/ML_SoftMetal_UE4.uasset" 30
"C:/Users/ianra/Downloads/Grappler_Scroller_IanR (2)/SideScroller2_IanR/Content/Mannequin/Character/Materials/MaterialLayers/ML_SoftMetal_UE4.uexp" 31
"C:/Users/ianra/Downloads/Grappler_Scroller_IanR (2)/SideScroller2_IanR/Content/Mannequin/Character/Materials/MaterialLayers/ML_Plastic_Shiny_Beige_LOGO.uasset" 32
"C:/Users/ianra/Downloads/Grappler_Scroller_IanR (2)/SideScroller2_IanR/Content/Mannequin/Character/Materials/MaterialLayers/ML_Plastic_Shiny_Beige_LOGO.uexp" 33
"C:/Users/ianra/Downloads/Grappler_Scroller_IanR (2)/SideScroller2_IanR/Content/Mannequin/Character/Materials/MaterialLayers/ML_Plastic_Shiny_Beige.uasset" 34
"C:/Users/ianra/Downloads/Grappler_Scroller_IanR (2)/SideScroller2_IanR/Content/Mannequin/Character/Materials/MaterialLayers/ML_Plastic_Shiny_Beige.uexp" 35
"C:/Users/ianra/Downloads/Grappler_Scroller_IanR (2)/SideScroller2_IanR/Content/Mannequin/Character/Materials/MaterialLayers/ML_GlossyBlack_Latex_UE4.uasset" 36
"C:/Users/ianra/Downloads/Grappler_Scroller_IanR (2)/SideScroller2_IanR/Content/Mannequin/Character/Materials/MaterialLayers/ML_GlossyBlack_Latex_UE4.uexp" 37
"../../../Engine/Content/Functions/MaterialLayerFunctions/MatLayerBlend_Simple.uasset" 38
"../../../Engine/Content/Functions/MaterialLayerFunctions/MatLayerBlend_Simple.uexp" 39
"../../../Engine/Content/Functions/Engine_MaterialFunctions02/Utility/BlendAngleCorrectedNormals.uasset" 40
"../../../Engine/Content/Functions/Engine_MaterialFunctions02/Utility/BlendAngleCorrectedNormals.uexp" 41
"../../../Engine/Content/Functions/MaterialLayerFunctions/MatLayerBlend_NormalBlend.uasset" 42
"../../../Engine/Content/Functions/MaterialLayerFunctions/MatLayerBlend_NormalBlend.uexp" 43
"C:/Users/ianra/Downloads/Grappler_Scroller_IanR (2)/SideScroller2_IanR/Content/Mannequin/Character/Materials/M_Male_Body.uasset" 44
"C:/Users/ianra/Downloads/Grappler_Scroller_IanR (2)/SideScroller2_IanR/Content/Mannequin/Character/Materials/M_Male_Body.uexp" 45
"C:/Users/ianra/Downloads/Grappler_Scroller_IanR (2)/SideScroller2_IanR/Content/Mannequin/Character/Materials/M_UE4Man_ChestLogo.uasset" 46
"C:/Users/ianra/Downloads/Grappler_Scroller_IanR (2)/SideScroller2_IanR/Content/Mannequin/Character/Materials/M_UE4Man_ChestLogo.uexp" 47
"C:/Users/ianra/Downloads/Grappler_Scroller_IanR (2)/SideScroller2_IanR/Content/Mannequin/Character/Textures/T_Female_N.uasset" 48
"C:/Users/ianra/Downloads/Grappler_Scroller_IanR (2)/SideScroller2_IanR/Content/Mannequin/Character/Textures/T_Female_N.uexp" 49
"C:/Users/ianra/Downloads/Grappler_Scroller_IanR (2)/SideScroller2_IanR/Content/Mannequin/Character/Textures/T_Female_N.ubulk" 50
"C:/Users/ianra/Downloads/Grappler_Scroller_IanR (2)/SideScroller2_IanR/Content/Mannequin/Character/Textures/T_Female_Mask.uasset" 51
"C:/Users/ianra/Downloads/Grappler_Scroller_IanR (2)/SideScroller2_IanR/Content/Mannequin/Character/Textures/T_Female_Mask.uexp" 52
"C:/Users/ianra/Downloads/Grappler_Scroller_IanR (2)/SideScroller2_IanR/Content/Mannequin/Character/Textures/T_Female_Mask.ubulk" 53
"C:/Users/ianra/Downloads/Grappler_Scroller_IanR (2)/SideScroller2_IanR/Content/Mannequin/Character/Materials/MI_Female_Body.uasset" 54
"C:/Users/ianra/Downloads/Grappler_Scroller_IanR (2)/SideScroller2_IanR/Content/Mannequin/Character/Materials/MI_Female_Body.uexp" 55
"C:/Users/ianra/Downloads/Grappler_Scroller_IanR (2)/SideScroller2_IanR/Content/Mannequin/Character/Mesh/SK_Mannequin_Female.uasset" 56
"C:/Users/ianra/Downloads/Grappler_Scroller_IanR (2)/SideScroller2_IanR/Content/Mannequin/Character/Mesh/SK_Mannequin_Female.uexp" 57
"C:/Users/ianra/Downloads/Grappler_Scroller_IanR (2)/SideScroller2_IanR/Content/SideScrollerBP/31532.uasset" 58
"C:/Users/ianra/Downloads/Grappler_Scroller_IanR (2)/SideScroller2_IanR/Content/SideScrollerBP/31532.uexp" 59
"C:/Users/ianra/Downloads/Grappler_Scroller_IanR (2)/SideScroller2_IanR/Content/SideScrollerBP/31532.ubulk" 60
"C:/Users/ianra/Downloads/Grappler_Scroller_IanR (2)/SideScroller2_IanR/Content/SideScrollerBP/lambert1.uasset" 61
"C:/Users/ianra/Downloads/Grappler_Scroller_IanR (2)/SideScroller2_IanR/Content/SideScrollerBP/lambert1.uexp" 62
"C:/Users/ianra/Downloads/Grappler_Scroller_IanR (2)/SideScroller2_IanR/Content/SideScrollerBP/Color.uasset" 63
"C:/Users/ianra/Downloads/Grappler_Scroller_IanR (2)/SideScroller2_IanR/Content/SideScrollerBP/Color.uexp" 64
"C:/Users/ianra/Downloads/Grappler_Scroller_IanR (2)/SideScroller2_IanR/Content/SideScrollerBP/Rope.uasset" 65
"C:/Users/ianra/Downloads/Grappler_Scroller_IanR (2)/SideScroller2_IanR/Content/SideScrollerBP/Rope.uexp" 66
"C:/Users/ianra/Downloads/Grappler_Scroller_IanR (2)/SideScroller2_IanR/Content/SideScrollerBP/RainbowColors.uasset" 67
"C:/Users/ianra/Downloads/Grappler_Scroller_IanR (2)/SideScroller2_IanR/Content/SideScrollerBP/RainbowColors.uexp" 68
"C:/Users/ianra/Downloads/Grappler_Scroller_IanR (2)/SideScroller2_IanR/Content/SideScrollerBP/RainbowColors.ubulk" 69
"C:/Users/ianra/Downloads/Grappler_Scroller_IanR (2)/SideScroller2_IanR/Content/SideScrollerBP/HookPoint_Widget.uasset" 70
"C:/Users/ianra/Downloads/Grappler_Scroller_IanR (2)/SideScroller2_IanR/Content/SideScrollerBP/HookPoint_Widget.uexp" 71
"C:/Users/ianra/Downloads/Grappler_Scroller_IanR (2)/SideScroller2_IanR/Content/SideScrollerBP/HookPoint.uasset" 72
"C:/Users/ianra/Downloads/Grappler_Scroller_IanR (2)/SideScroller2_IanR/Content/SideScrollerBP/HookPoint.uexp" 73
"C:/Users/ianra/Downloads/Grappler_Scroller_IanR (2)/SideScroller2_IanR/Content/SideScrollerBP/Box.uasset" 74
"C:/Users/ianra/Downloads/Grappler_Scroller_IanR (2)/SideScroller2_IanR/Content/SideScrollerBP/Box.uexp" 75
"C:/Users/ianra/Downloads/Grappler_Scroller_IanR (2)/SideScroller2_IanR/Content/SideScrollerBP/Boxhat.uasset" 76
"C:/Users/ianra/Downloads/Grappler_Scroller_IanR (2)/SideScroller2_IanR/Content/SideScrollerBP/Boxhat.uexp" 77
"C:/Users/ianra/Downloads/Grappler_Scroller_IanR (2)/SideScroller2_IanR/Content/Mannequin/Character/Mesh/SK_Mannequin_PhysicsAsset.uasset" 78
"C:/Users/ianra/Downloads/Grappler_Scroller_IanR (2)/SideScroller2_IanR/Content/Mannequin/Character/Mesh/SK_Mannequin_PhysicsAsset.uexp" 79
"C:/Users/ianra/Downloads/Grappler_Scroller_IanR (2)/SideScroller2_IanR/Content/Mannequin/Character/Mesh/SK_Mannequin.uasset" 80
"C:/Users/ianra/Downloads/Grappler_Scroller_IanR (2)/SideScroller2_IanR/Content/Mannequin/Character/Mesh/SK_Mannequin.uexp" 81
"../../../Engine/Content/EditorBlueprintResources/StandardMacros.uasset" 82
"../../../Engine/Content/EditorBlueprintResources/StandardMacros.uexp" 83
"C:/Users/ianra/Downloads/Grappler_Scroller_IanR (2)/SideScroller2_IanR/Content/Mannequin/Animations/ThirdPersonWalk.uasset" 84
"C:/Users/ianra/Downloads/Grappler_Scroller_IanR (2)/SideScroller2_IanR/Content/Mannequin/Animations/ThirdPersonWalk.uexp" 85
"C:/Users/ianra/Downloads/Grappler_Scroller_IanR (2)/SideScroller2_IanR/Content/Mannequin/Animations/ThirdPersonRun.uasset" 86
"C:/Users/ianra/Downloads/Grappler_Scroller_IanR (2)/SideScroller2_IanR/Content/Mannequin/Animations/ThirdPersonRun.uexp" 87
"C:/Users/ianra/Downloads/Grappler_Scroller_IanR (2)/SideScroller2_IanR/Content/Mannequin/Animations/ThirdPersonIdle.uasset" 88
"C:/Users/ianra/Downloads/Grappler_Scroller_IanR (2)/SideScroller2_IanR/Content/Mannequin/Animations/ThirdPersonIdle.uexp" 89
"C:/Users/ianra/Downloads/Grappler_Scroller_IanR (2)/SideScroller2_IanR/Content/Mannequin/Animations/ThirdPerson_IdleRun_2D.uasset" 90
"C:/Users/ianra/Downloads/Grappler_Scroller_IanR (2)/SideScroller2_IanR/Content/Mannequin/Animations/ThirdPerson_IdleRun_2D.uexp" 91
"C:/Users/ianra/Downloads/Grappler_Scroller_IanR (2)/SideScroller2_IanR/Content/Mannequin/Animations/ThirdPerson_Jump.uasset" 92
"C:/Users/ianra/Downloads/Grappler_Scroller_IanR (2)/SideScroller2_IanR/Content/Mannequin/Animations/ThirdPerson_Jump.uexp" 93
"C:/Users/ianra/Downloads/Grappler_Scroller_IanR (2)/SideScroller2_IanR/Content/Mannequin/Animations/ThirdPersonJump_Start.uasset" 94
"C:/Users/ianra/Downloads/Grappler_Scroller_IanR (2)/SideScroller2_IanR/Content/Mannequin/Animations/ThirdPersonJump_Start.uexp" 95
"C:/Users/ianra/Downloads/Grappler_Scroller_IanR (2)/SideScroller2_IanR/Content/Mannequin/Animations/ThirdPersonJump_Loop.uasset" 96
"C:/Users/ianra/Downloads/Grappler_Scroller_IanR (2)/SideScroller2_IanR/Content/Mannequin/Animations/ThirdPersonJump_Loop.uexp" 97
"C:/Users/ianra/Downloads/Grappler_Scroller_IanR (2)/SideScroller2_IanR/Content/Mannequin/Animations/ThirdPerson_AnimBP.uasset" 98
"C:/Users/ianra/Downloads/Grappler_Scroller_IanR (2)/SideScroller2_IanR/Content/Mannequin/Animations/ThirdPerson_AnimBP.uexp" 99
"C:/Users/ianra/Downloads/Grappler_Scroller_IanR (2)/SideScroller2_IanR/Content/SideScrollerBP/SideScrollerCharacter.uasset" 100
"C:/Users/ianra/Downloads/Grappler_Scroller_IanR (2)/SideScroller2_IanR/Content/SideScrollerBP/SideScrollerCharacter.uexp" 101
"C:/Users/ianra/Downloads/Grappler_Scroller_IanR (2)/SideScroller2_IanR/Content/SideScrollerBP/SideScrollerGameMode.uasset" 102
"C:/Users/ianra/Downloads/Grappler_Scroller_IanR (2)/SideScroller2_IanR/Content/SideScrollerBP/SideScrollerGameMode.uexp" 103
"../../../Engine/Content/Animation/DefaultAnimBoneCompressionSettings.uasset" 104
"../../../Engine/Content/Animation/DefaultAnimBoneCompressionSettings.uexp" 105
"../../../Engine/Content/Animation/DefaultAnimCurveCompressionSettings.uasset" 106
"../../../Engine/Content/Animation/DefaultAnimCurveCompressionSettings.uexp" 107
"../../../Engine/Content/EngineMaterials/T_Default_Material_Grid_N.uasset" 108
"../../../Engine/Content/EngineMaterials/T_Default_Material_Grid_N.uexp" 109
"../../../Engine/Content/EngineMaterials/T_Default_Material_Grid_N.ubulk" 110
"../../../Engine/Content/EngineMaterials/T_Default_Material_Grid_M.uasset" 111
"../../../Engine/Content/EngineMaterials/T_Default_Material_Grid_M.uexp" 112
"../../../Engine/Content/EngineMaterials/T_Default_Material_Grid_M.ubulk" 113
"../../../Engine/Content/Functions/Engine_MaterialFunctions01/Opacity/CameraDepthFade.uasset" 114
"../../../Engine/Content/Functions/Engine_MaterialFunctions01/Opacity/CameraDepthFade.uexp" 115
"../../../Engine/Content/EngineMaterials/WorldGridMaterial.uasset" 116
"../../../Engine/Content/EngineMaterials/WorldGridMaterial.uexp" 117
"../../../Engine/Content/ArtTools/RenderToTexture/Meshes/S_1_Unit_Plane.uasset" 118
"../../../Engine/Content/ArtTools/RenderToTexture/Meshes/S_1_Unit_Plane.uexp" 119
"../../../Engine/Content/EngineMaterials/DefaultMaterial.uasset" 120
"../../../Engine/Content/EngineMaterials/DefaultMaterial.uexp" 121
"../../../Engine/Content/BasicShapes/Cone.uasset" 122
"../../../Engine/Content/BasicShapes/Cone.uexp" 123
"../../../Engine/Content/BasicShapes/Plane.uasset" 124
"../../../Engine/Content/BasicShapes/Plane.uexp" 125
"../../../Engine/Content/BasicShapes/Sphere.uasset" 126
"../../../Engine/Content/BasicShapes/Sphere.uexp" 127
"../../../Engine/Content/EditorLandscapeResources/DataLayer.uasset" 128
"../../../Engine/Content/EditorLandscapeResources/DataLayer.uexp" 129
"../../../Engine/Content/EditorLandscapeResources/DefaultAlphaTexture.uasset" 130
"../../../Engine/Content/EditorLandscapeResources/DefaultAlphaTexture.uexp" 131
"../../../Engine/Content/EditorMaterials/MAT_Groups_Toggle.uasset" 132
"../../../Engine/Content/EditorMaterials/MAT_Groups_Toggle.uexp" 133
"../../../Engine/Content/EditorMaterials/MAT_Groups_Visibility.uasset" 134
"../../../Engine/Content/EditorMaterials/MAT_Groups_Visibility.uexp" 135
"../../../Engine/Content/EditorMaterials/PreviewShadowIndicator.uasset" 136
"../../../Engine/Content/EditorMaterials/PreviewShadowIndicator.uexp" 137
"../../../Engine/Content/EditorMaterials/PreviewShadowIndicator.ubulk" 138
"../../../Engine/Content/EditorMaterials/PreviewShadowIndicatorMaterial.uasset" 139
"../../../Engine/Content/EditorMaterials/PreviewShadowIndicatorMaterial.uexp" 140
"../../../Engine/Content/EditorMaterials/MatineeGroups/MAT_ColorTrack.uasset" 141
"../../../Engine/Content/EditorMaterials/MatineeGroups/MAT_ColorTrack.uexp" 142
"../../../Engine/Content/EditorMaterials/MatineeGroups/MAT_Groups_Anim.uasset" 143
"../../../Engine/Content/EditorMaterials/MatineeGroups/MAT_Groups_Anim.uexp" 144
"../../../Engine/Content/EditorMaterials/MatineeGroups/MAT_Groups_AudioMaster.uasset" 145
"../../../Engine/Content/EditorMaterials/MatineeGroups/MAT_Groups_AudioMaster.uexp" 146
"../../../Engine/Content/EditorMaterials/MatineeGroups/MAT_Groups_Director.uasset" 147
"../../../Engine/Content/EditorMaterials/MatineeGroups/MAT_Groups_Director.uexp" 148
"../../../Engine/Content/EditorMaterials/MatineeGroups/MAT_Groups_Event.uasset" 149
"../../../Engine/Content/EditorMaterials/MatineeGroups/MAT_Groups_Event.uexp" 150
"../../../Engine/Content/EditorMaterials/MatineeGroups/MAT_Groups_Fade.uasset" 151
"../../../Engine/Content/EditorMaterials/MatineeGroups/MAT_Groups_Fade.uexp" 152
"../../../Engine/Content/EditorMaterials/MatineeGroups/MAT_Groups_Float.uasset" 153
"../../../Engine/Content/EditorMaterials/MatineeGroups/MAT_Groups_Float.uexp" 154
"../../../Engine/Content/EditorMaterials/MatineeGroups/MAT_Groups_Move.uasset" 155
"../../../Engine/Content/EditorMaterials/MatineeGroups/MAT_Groups_Move.uexp" 156
"../../../Engine/Content/EditorMaterials/MatineeGroups/MAT_Groups_Slomo.uasset" 157
"../../../Engine/Content/EditorMaterials/MatineeGroups/MAT_Groups_Slomo.uexp" 158
"../../../Engine/Content/EditorMaterials/MatineeGroups/MAT_Groups_Sound.uasset" 159
"../../../Engine/Content/EditorMaterials/MatineeGroups/MAT_Groups_Sound.uexp" 160
"../../../Engine/Content/EditorMaterials/MatineeGroups/MAT_Groups_Vector.uasset" 161
"../../../Engine/Content/EditorMaterials/MatineeGroups/MAT_Groups_Vector.uexp" 162
"../../../Engine/Content/EditorMaterials/ParticleSystems/PSysThumbnail_NoImage.uasset" 163
"../../../Engine/Content/EditorMaterials/ParticleSystems/PSysThumbnail_NoImage.uexp" 164
"../../../Engine/Content/EditorMaterials/ParticleSystems/PSysThumbnail_NoImage.ubulk" 165
"../../../Engine/Content/EditorMaterials/ParticleSystems/PSysThumbnail_OOD.uasset" 166
"../../../Engine/Content/EditorMaterials/ParticleSystems/PSysThumbnail_OOD.uexp" 167
"../../../Engine/Content/EditorMaterials/ParticleSystems/PSysThumbnail_OOD.ubulk" 168
"../../../Engine/Content/EditorMaterials/Camera/CineMat.uasset" 169
"../../../Engine/Content/EditorMaterials/Camera/CineMat.uexp" 170
"../../../Engine/Content/EditorMaterials/Camera/MI_CineMat_Rig.uasset" 171
"../../../Engine/Content/EditorMaterials/Camera/MI_CineMat_Rig.uexp" 172
"../../../Engine/Content/EditorMeshes/Camera/SM_CraneRig_Arm.uasset" 173
"../../../Engine/Content/EditorMeshes/Camera/SM_CraneRig_Arm.uexp" 174
"../../../Engine/Content/EditorMeshes/Camera/SM_CraneRig_Base.uasset" 175
"../../../Engine/Content/EditorMeshes/Camera/SM_CraneRig_Base.uexp" 176
"../../../Engine/Content/EditorMeshes/Camera/SM_CraneRig_Body.uasset" 177
"../../../Engine/Content/EditorMeshes/Camera/SM_CraneRig_Body.uexp" 178
"../../../Engine/Content/EditorMeshes/Camera/SM_CraneRig_Mount.uasset" 179
"../../../Engine/Content/EditorMeshes/Camera/SM_CraneRig_Mount.uexp" 180
"../../../Engine/Content/EditorMeshes/Camera/SM_RailRig_Mount.uasset" 181
"../../../Engine/Content/EditorMeshes/Camera/SM_RailRig_Mount.uexp" 182
"../../../Engine/Content/EditorMeshes/Camera/SM_RailRig_Track.uasset" 183
"../../../Engine/Content/EditorMeshes/Camera/SM_RailRig_Track.uexp" 184
"../../../Engine/Content/EditorResources/BSPVertex.uasset" 185
"../../../Engine/Content/EditorResources/BSPVertex.uexp" 186
"../../../Engine/Content/EditorResources/EmptyActor.uasset" 187
"../../../Engine/Content/EditorResources/EmptyActor.uexp" 188
"../../../Engine/Content/EditorResources/S_Actor.uasset" 189
"../../../Engine/Content/EditorResources/S_Actor.uexp" 190
"../../../Engine/Content/EditorResources/S_Actor.ubulk" 191
"../../../Engine/Content/EditorResources/S_Note.uasset" 192
"../../../Engine/Content/EditorResources/S_Note.uexp" 193
"../../../Engine/Content/EditorResources/S_Note.ubulk" 194
"../../../Engine/Content/EditorResources/S_Solver.uasset" 195
"../../../Engine/Content/EditorResources/S_Solver.uexp" 196
"../../../Engine/Content/EditorResources/S_Solver.ubulk" 197
"../../../Engine/Content/EditorResources/S_Terrain.uasset" 198
"../../../Engine/Content/EditorResources/S_Terrain.uexp" 199
"../../../Engine/Content/EditorResources/S_Terrain.ubulk" 200
"../../../Engine/Content/EditorResources/S_Trigger.uasset" 201
"../../../Engine/Content/EditorResources/S_Trigger.uexp" 202
"../../../Engine/Content/EditorResources/S_Trigger.ubulk" 203
"../../../Engine/Content/EditorResources/SequenceRecorder/Countdown.uasset" 204
"../../../Engine/Content/EditorResources/SequenceRecorder/Countdown.uexp" 205
"../../../Engine/Content/EditorResources/SequenceRecorder/RecordingIndicator.uasset" 206
"../../../Engine/Content/EditorResources/SequenceRecorder/RecordingIndicator.uexp" 207
"../../../Engine/Content/EngineDamageTypes/DmgTypeBP_Environmental.uasset" 208
"../../../Engine/Content/EngineDamageTypes/DmgTypeBP_Environmental.uexp" 209
"../../../Engine/Content/EngineDebugMaterials/DebugEditorMaterial.uasset" 210
"../../../Engine/Content/EngineDebugMaterials/DebugEditorMaterial.uexp" 211
"../../../Engine/Content/EngineDebugMaterials/DebugMeshMaterial.uasset" 212
"../../../Engine/Content/EngineDebugMaterials/DebugMeshMaterial.uexp" 213
"../../../Engine/Content/EngineDebugMaterials/M_SimpleUnlitTranslucent.uasset" 214
"../../../Engine/Content/EngineDebugMaterials/M_SimpleUnlitTranslucent.uexp" 215
"../../../Engine/Content/EngineDebugMaterials/VolumeToRender.uasset" 216
"../../../Engine/Content/EngineDebugMaterials/VolumeToRender.uexp" 217
"../../../Engine/Content/Functions/Engine_MaterialFunctions02/Utility/CameraDirectionVector.uasset" 218
"../../../Engine/Content/Functions/Engine_MaterialFunctions02/Utility/CameraDirectionVector.uexp" 219
"../../../Engine/Content/EngineDebugMaterials/M_VolumeRenderSphereTracePP.uasset" 220
"../../../Engine/Content/EngineDebugMaterials/M_VolumeRenderSphereTracePP.uexp" 221
"../../../Engine/Content/Functions/Engine_MaterialFunctions01/Shading/ConvertFromDiffSpec.uasset" 222
"../../../Engine/Content/Functions/Engine_MaterialFunctions01/Shading/ConvertFromDiffSpec.uexp" 223
"../../../Engine/Content/EngineDebugMaterials/VertexColorMaterial.uasset" 224
"../../../Engine/Content/EngineDebugMaterials/VertexColorMaterial.uexp" 225
"../../../Engine/Content/EngineDebugMaterials/WireframeMaterial.uasset" 226
"../../../Engine/Content/EngineDebugMaterials/WireframeMaterial.uexp" 227
"../../../Engine/Content/EngineFonts/Faces/RobotoRegular.uasset" 228
"../../../Engine/Content/EngineFonts/Faces/RobotoRegular.uexp" 229
"../../../Engine/Content/EngineFonts/Faces/RobotoRegular.ufont" 230
"../../../Engine/Content/EngineFonts/Faces/RobotoLight.uasset" 231
"../../../Engine/Content/EngineFonts/Faces/RobotoLight.uexp" 232
"../../../Engine/Content/EngineFonts/Faces/RobotoLight.ufont" 233
"../../../Engine/Content/EngineFonts/Faces/RobotoItalic.uasset" 234
"../../../Engine/Content/EngineFonts/Faces/RobotoItalic.uexp" 235
"../../../Engine/Content/EngineFonts/Faces/RobotoItalic.ufont" 236
"../../../Engine/Content/EngineFonts/Faces/RobotoBoldItalic.uasset" 237
"../../../Engine/Content/EngineFonts/Faces/RobotoBoldItalic.uexp" 238
"../../../Engine/Content/EngineFonts/Faces/RobotoBoldItalic.ufont" 239
"../../../Engine/Content/EngineFonts/Faces/RobotoBold.uasset" 240
"../../../Engine/Content/EngineFonts/Faces/RobotoBold.uexp" 241
"../../../Engine/Content/EngineFonts/Faces/RobotoBold.ufont" 242
"../../../Engine/Content/EngineFonts/Faces/DroidSansFallback.uasset" 243
"../../../Engine/Content/EngineFonts/Faces/DroidSansFallback.uexp" 244
"../../../Engine/Content/EngineFonts/Faces/DroidSansFallback.ufont" 245
"../../../Engine/Content/EngineFonts/Roboto.uasset" 246
"../../../Engine/Content/EngineFonts/Roboto.uexp" 247
"../../../Engine/Content/EngineMaterials/BaseFlattenNormalMap.uasset" 248
"../../../Engine/Content/EngineMaterials/BaseFlattenNormalMap.uexp" 249
"../../../Engine/Content/EngineMaterials/BaseFlattenGrayscaleMap.uasset" 250
"../../../Engine/Content/EngineMaterials/BaseFlattenGrayscaleMap.uexp" 251
"../../../Engine/Content/EngineMaterials/BaseFlattenEmissiveMap.uasset" 252
"../../../Engine/Content/EngineMaterials/BaseFlattenEmissiveMap.uexp" 253
"../../../Engine/Content/EngineMaterials/BaseFlattenDiffuseMap.uasset" 254
"../../../Engine/Content/EngineMaterials/BaseFlattenDiffuseMap.uexp" 255
"../../../Engine/Content/EngineMaterials/BaseFlattenMaterial.uasset" 256
"../../../Engine/Content/EngineMaterials/BaseFlattenMaterial.uexp" 257
"../../../Engine/Content/EngineMaterials/BlueNoise.uasset" 258
"../../../Engine/Content/EngineMaterials/BlueNoise.uexp" 259
"../../../Engine/Content/EngineMaterials/DefaultBloomKernel.uasset" 260
"../../../Engine/Content/EngineMaterials/DefaultBloomKernel.uexp" 261
"../../../Engine/Content/EngineMaterials/DefaultBokeh.uasset" 262
"../../../Engine/Content/EngineMaterials/DefaultBokeh.uexp" 263
"../../../Engine/Content/EngineMaterials/DefaultDiffuse.uasset" 264
"../../../Engine/Content/EngineMaterials/DefaultDiffuse.uexp" 265
"../../../Engine/Content/EngineMaterials/DefaultDiffuse.ubulk" 266
"../../../Engine/Content/EngineMaterials/DefaultDeferredDecalMaterial.uasset" 267
"../../../Engine/Content/EngineMaterials/DefaultDeferredDecalMaterial.uexp" 268
"../../../Engine/Content/EngineMaterials/DefaultLightFunctionMaterial.uasset" 269
"../../../Engine/Content/EngineMaterials/DefaultLightFunctionMaterial.uexp" 270
"../../../Engine/Content/EngineMaterials/DefaultPhysicalMaterial.uasset" 271
"../../../Engine/Content/EngineMaterials/DefaultPhysicalMaterial.uexp" 272
"../../../Engine/Content/Functions/Engine_MaterialFunctions02/Utility/BreakOutFloat2Components.uasset" 273
"../../../Engine/Content/Functions/Engine_MaterialFunctions02/Utility/BreakOutFloat2Components.uexp" 274
"../../../Engine/Content/EngineMaterials/DefaultPostProcessMaterial.uasset" 275
"../../../Engine/Content/EngineMaterials/DefaultPostProcessMaterial.uexp" 276
"../../../Engine/Content/EngineFonts/RobotoDistanceField.uasset" 277
"../../../Engine/Content/EngineFonts/RobotoDistanceField.uexp" 278
"../../../Engine/Content/EngineMaterials/DefaultTextMaterialOpaque.uasset" 279
"../../../Engine/Content/EngineMaterials/DefaultTextMaterialOpaque.uexp" 280
"../../../Engine/Content/EngineMaterials/DefaultWhiteGrid.uasset" 281
"../../../Engine/Content/EngineMaterials/DefaultWhiteGrid.uexp" 282
"../../../Engine/Content/EngineMaterials/DefaultWhiteGrid.ubulk" 283
"../../../Engine/Content/EngineMaterials/DefaultWhiteGrid_Low.uasset" 284
"../../../Engine/Content/EngineMaterials/DefaultWhiteGrid_Low.uexp" 285
"../../../Engine/Content/EngineMaterials/EmissiveMeshMaterial.uasset" 286
"../../../Engine/Content/EngineMaterials/EmissiveMeshMaterial.uexp" 287
"../../../Engine/Content/EngineMaterials/GizmoMaterial.uasset" 288
"../../../Engine/Content/EngineMaterials/GizmoMaterial.uexp" 289
"../../../Engine/Content/EngineMaterials/Good64x64TilingNoiseHighFreq.uasset" 290
"../../../Engine/Content/EngineMaterials/Good64x64TilingNoiseHighFreq.uexp" 291
"../../../Engine/Content/EngineMaterials/MiniFont.uasset" 292
"../../../Engine/Content/EngineMaterials/MiniFont.uexp" 293
"../../../Engine/Content/EngineMaterials/InvalidLightmapSettings.uasset" 294
"../../../Engine/Content/EngineMaterials/InvalidLightmapSettings.uexp" 295
"../../../Engine/Content/EngineMaterials/InvalidLightmapSettings.ubulk" 296
"../../../Engine/Content/EngineMaterials/M_InvalidLightmapSettings.uasset" 297
"../../../Engine/Content/EngineMaterials/M_InvalidLightmapSettings.uexp" 298
"../../../Engine/Content/Functions/Engine_MaterialFunctions02/WorldPositionOffset/CameraOffset.uasset" 299
"../../../Engine/Content/Functions/Engine_MaterialFunctions02/WorldPositionOffset/CameraOffset.uexp" 300
"../../../Engine/Content/EngineMaterials/PhAT_JointLimitMaterial.uasset" 301
"../../../Engine/Content/EngineMaterials/PhAT_JointLimitMaterial.uexp" 302
"../../../Engine/Content/EngineMaterials/DefaultCalibrationColor.uasset" 303
"../../../Engine/Content/EngineMaterials/DefaultCalibrationColor.uexp" 304
"../../../Engine/Content/EngineMaterials/PPM_DefaultCalibrationColor.uasset" 305
"../../../Engine/Content/EngineMaterials/PPM_DefaultCalibrationColor.uexp" 306
"../../../Engine/Content/EngineMaterials/DefaultCalibrationGrayscale.uasset" 307
"../../../Engine/Content/EngineMaterials/DefaultCalibrationGrayscale.uexp" 308
"../../../Engine/Content/EngineMaterials/PPM_DefaultCalibrationGrayscale.uasset" 309
"../../../Engine/Content/EngineMaterials/PPM_DefaultCalibrationGrayscale.uexp" 310
"../../../Engine/Content/EngineMaterials/PreintegratedSkinBRDF.uasset" 311
"../../../Engine/Content/EngineMaterials/PreintegratedSkinBRDF.uexp" 312
"../../../Engine/Content/EngineMaterials/RemoveSurfaceMaterial.uasset" 313
"../../../Engine/Content/EngineMaterials/RemoveSurfaceMaterial.uexp" 314
"../../../Engine/Content/EngineMaterials/WeightMapPlaceholderTexture.uasset" 315
"../../../Engine/Content/EngineMaterials/WeightMapPlaceholderTexture.uexp" 316
"../../../Engine/Content/EngineResources/WhiteSquareTexture.uasset" 317
"../../../Engine/Content/EngineResources/WhiteSquareTexture.uexp" 318
"../../../Engine/Content/EngineMaterials/Widget3DPassThrough.uasset" 319
"../../../Engine/Content/EngineMaterials/Widget3DPassThrough.uexp" 320
"../../../Engine/Content/EngineMaterials/Widget3DPassThrough_Masked.uasset" 321
"../../../Engine/Content/EngineMaterials/Widget3DPassThrough_Masked.uexp" 322
"../../../Engine/Content/EngineMaterials/Widget3DPassThrough_Opaque.uasset" 323
"../../../Engine/Content/EngineMaterials/Widget3DPassThrough_Opaque.uexp" 324
"../../../Engine/Content/EngineMaterials/Widget3DPassThrough_Masked_OneSided.uasset" 325
"../../../Engine/Content/EngineMaterials/Widget3DPassThrough_Masked_OneSided.uexp" 326
"../../../Engine/Content/EngineMaterials/Widget3DPassThrough_Opaque_OneSided.uasset" 327
"../../../Engine/Content/EngineMaterials/Widget3DPassThrough_Opaque_OneSided.uexp" 328
"../../../Engine/Content/EngineMaterials/Widget3DPassThrough_Translucent.uasset" 329
"../../../Engine/Content/EngineMaterials/Widget3DPassThrough_Translucent.uexp" 330
"../../../Engine/Content/EngineMaterials/Widget3DPassThrough_Translucent_OneSided.uasset" 331
"../../../Engine/Content/EngineMaterials/Widget3DPassThrough_Translucent_OneSided.uexp" 332
"../../../Engine/Content/EngineMeshes/Cylinder.uasset" 333
"../../../Engine/Content/EngineMeshes/Cylinder.uexp" 334
"../../../Engine/Content/EngineMeshes/Sphere.uasset" 335
"../../../Engine/Content/EngineMeshes/Sphere.uexp" 336
"../../../Engine/Content/EngineResources/DefaultTexture.uasset" 337
"../../../Engine/Content/EngineResources/DefaultTexture.uexp" 338
"../../../Engine/Content/EngineResources/DefaultTexture.ubulk" 339
"../../../Engine/Content/EngineResources/DefaultTextureCube.uasset" 340
"../../../Engine/Content/EngineResources/DefaultTextureCube.uexp" 341
"../../../Engine/Content/EngineResources/DefaultVolumeTexture2D.uasset" 342
"../../../Engine/Content/EngineResources/DefaultVolumeTexture2D.uexp" 343
"../../../Engine/Content/EngineResources/DefaultVolumeTexture.uasset" 344
"../../../Engine/Content/EngineResources/DefaultVolumeTexture.uexp" 345
"../../../Engine/Content/EngineResources/GradientTexture0.uasset" 346
"../../../Engine/Content/EngineResources/GradientTexture0.uexp" 347
"../../../Engine/Content/EngineSky/VolumetricClouds/T_NoiseShape64.uasset" 348
"../../../Engine/Content/EngineSky/VolumetricClouds/T_NoiseShape64.uexp" 349
"../../../Engine/Content/EngineSky/VolumetricClouds/T_NoiseShape64.ubulk" 350
"../../../Engine/Content/EngineSky/VolumetricClouds/T_VolumeNoiseShape64.uasset" 351
"../../../Engine/Content/EngineSky/VolumetricClouds/T_VolumeNoiseShape64.uexp" 352
"../../../Engine/Content/EngineSky/VolumetricClouds/T_NoiseErosion.uasset" 353
"../../../Engine/Content/EngineSky/VolumetricClouds/T_NoiseErosion.uexp" 354
"../../../Engine/Content/EngineSky/VolumetricClouds/T_NoiseErosion.ubulk" 355
"../../../Engine/Content/EngineSky/VolumetricClouds/T_VolumeNoiseErosion32.uasset" 356
"../../../Engine/Content/EngineSky/VolumetricClouds/T_VolumeNoiseErosion32.uexp" 357
"../../../Engine/Content/EngineSky/VolumetricClouds/CloudWeatherTexture.uasset" 358
"../../../Engine/Content/EngineSky/VolumetricClouds/CloudWeatherTexture.uexp" 359
"../../../Engine/Content/EngineSky/VolumetricClouds/CloudGradientTexture.uasset" 360
"../../../Engine/Content/EngineSky/VolumetricClouds/CloudGradientTexture.uexp" 361
"../../../Engine/Content/Functions/Engine_MaterialFunctions02/Utility/MakeFloat2.uasset" 362
"../../../Engine/Content/Functions/Engine_MaterialFunctions02/Utility/MakeFloat2.uexp" 363
"../../../Engine/Content/EngineSky/VolumetricClouds/m_SimpleVolumetricCloud.uasset" 364
"../../../Engine/Content/EngineSky/VolumetricClouds/m_SimpleVolumetricCloud.uexp" 365
"../../../Engine/Content/EngineSky/VolumetricClouds/m_SimpleVolumetricCloud_Inst.uasset" 366
"../../../Engine/Content/EngineSky/VolumetricClouds/m_SimpleVolumetricCloud_Inst.uexp" 367
"../../../Engine/Content/EngineSounds/Master.uasset" 368
"../../../Engine/Content/EngineSounds/Master.uexp" 369
"../../../Engine/Content/Functions/Engine_MaterialFunctions01/Shading/PowerToRoughness.uasset" 370
"../../../Engine/Content/Functions/Engine_MaterialFunctions01/Shading/PowerToRoughness.uexp" 371
"../../../Engine/Content/Maps/Templates/Thumbnails/Default.uasset" 372
"../../../Engine/Content/Maps/Templates/Thumbnails/Default.uexp" 373
"../../../Engine/Content/Maps/Templates/Thumbnails/TimeOfDay.uasset" 374
"../../../Engine/Content/Maps/Templates/Thumbnails/TimeOfDay.uexp" 375
"../../../Engine/Content/Maps/Templates/Thumbnails/VR-Basic.uasset" 376
"../../../Engine/Content/Maps/Templates/Thumbnails/VR-Basic.uexp" 377
"../../../Engine/Content/MobileResources/T_MobileControls_texture.uasset" 378
"../../../Engine/Content/MobileResources/T_MobileControls_texture.uexp" 379
"../../../Engine/Content/MobileResources/T_MobileMenu2.uasset" 380
"../../../Engine/Content/MobileResources/T_MobileMenu2.uexp" 381
"../../../Engine/Content/MobileResources/HUD/AnalogHat.uasset" 382
"../../../Engine/Content/MobileResources/HUD/AnalogHat.uexp" 383
"../../../Engine/Content/MobileResources/HUD/VirtualJoystick_Thumb.uasset" 384
"../../../Engine/Content/MobileResources/HUD/VirtualJoystick_Thumb.uexp" 385
"../../../Engine/Content/MobileResources/HUD/VirtualJoystick_Background.uasset" 386
"../../../Engine/Content/MobileResources/HUD/VirtualJoystick_Background.uexp" 387
"../../../Engine/Content/MobileResources/HUD/DefaultVirtualJoysticks.uasset" 388
"../../../Engine/Content/MobileResources/HUD/DefaultVirtualJoysticks.uexp" 389
"../../../Engine/Content/MobileResources/HUD/LeftVirtualJoystickOnly.uasset" 390
"../../../Engine/Content/MobileResources/HUD/LeftVirtualJoystickOnly.uexp" 391
"../../../Engine/Content/MobileResources/HUD/MobileHUDButton1_off.uasset" 392
"../../../Engine/Content/MobileResources/HUD/MobileHUDButton1_off.uexp" 393
"../../../Engine/Content/MobileResources/HUD/MobileHUDButton1_on.uasset" 394
"../../../Engine/Content/MobileResources/HUD/MobileHUDButton1_on.uexp" 395
"../../../Engine/Content/MobileResources/HUD/MobileHUDButton2_off.uasset" 396
"../../../Engine/Content/MobileResources/HUD/MobileHUDButton2_off.uexp" 397
"../../../Engine/Content/MobileResources/HUD/MobileHUDButton2_on.uasset" 398
"../../../Engine/Content/MobileResources/HUD/MobileHUDButton2_on.uexp" 399
"../../../Engine/Content/MobileResources/HUD/MobileHUDButton3.uasset" 400
"../../../Engine/Content/MobileResources/HUD/MobileHUDButton3.uexp" 401
"../../../Engine/Content/MobileResources/HUD/MobileHUDButtonFire.uasset" 402
"../../../Engine/Content/MobileResources/HUD/MobileHUDButtonFire.uexp" 403
"../../../Engine/Content/MobileResources/HUD/MobileHUDDirectionPad.uasset" 404
"../../../Engine/Content/MobileResources/HUD/MobileHUDDirectionPad.uexp" 405
"../../../Engine/Content/MobileResources/HUD/MobileHUDDirectionPad2.uasset" 406
"../../../Engine/Content/MobileResources/HUD/MobileHUDDirectionPad2.uexp" 407
"../../../Engine/Content/MobileResources/HUD/MobileHUDDirectionPad3.uasset" 408
"../../../Engine/Content/MobileResources/HUD/MobileHUDDirectionPad3.uexp" 409
"../../../Engine/Content/MobileResources/HUD/MobileHUDDirectionStick.uasset" 410
"../../../Engine/Content/MobileResources/HUD/MobileHUDDirectionStick.uexp" 411
"../../../Engine/Content/MobileResources/HUD/T_Castle_ThumbstickInner.uasset" 412
"../../../Engine/Content/MobileResources/HUD/T_Castle_ThumbstickInner.uexp" 413
"../../../Engine/Content/MobileResources/HUD/T_Castle_ThumbstickOutter.uasset" 414
"../../../Engine/Content/MobileResources/HUD/T_Castle_ThumbstickOutter.uexp" 415
"../../../Engine/Content/Tutorial/ContentIntroCurve.uasset" 416
"../../../Engine/Content/Tutorial/ContentIntroCurve.uexp" 417
"../../../Engine/Content/VREditor/TransformGizmo/TranslucentTransformGizmoMaterial.uasset" 418
"../../../Engine/Content/VREditor/TransformGizmo/TranslucentTransformGizmoMaterial.uexp" 419
"../../../Engine/Content/VREditor/LaserPointer/VR_LaserPower_01.uasset" 420
"../../../Engine/Content/VREditor/LaserPointer/VR_LaserPower_01.uexp" 421
"../../../Engine/Content/VREditor/LaserPointer/VR_LaserPower_01.ubulk" 422
"../../../Engine/Content/VREditor/TransformGizmo/TransformGizmoMaterial.uasset" 423
"../../../Engine/Content/VREditor/TransformGizmo/TransformGizmoMaterial.uexp" 424
"../../../Engine/Content/VREditor/TransformGizmo/BoundingBoxCorner.uasset" 425
"../../../Engine/Content/VREditor/TransformGizmo/BoundingBoxCorner.uexp" 426
"../../../Engine/Content/VREditor/TransformGizmo/BoundingBoxEdge.uasset" 427
"../../../Engine/Content/VREditor/TransformGizmo/BoundingBoxEdge.uexp" 428
"../../../Engine/Content/VREditor/TransformGizmo/PlaneTranslationHandle.uasset" 429
"../../../Engine/Content/VREditor/TransformGizmo/PlaneTranslationHandle.uexp" 430
"../../../Engine/Content/VREditor/TransformGizmo/Xray.uasset" 431
"../../../Engine/Content/VREditor/TransformGizmo/Xray.uexp" 432
"../../../Engine/Content/VREditor/TransformGizmo/Main.uasset" 433
"../../../Engine/Content/VREditor/TransformGizmo/Main.uexp" 434
"../../../Engine/Content/VREditor/TransformGizmo/SM_Sequencer_Key.uasset" 435
"../../../Engine/Content/VREditor/TransformGizmo/SM_Sequencer_Key.uexp" 436
"../../../Engine/Content/VREditor/TransformGizmo/SM_Sequencer_Node.uasset" 437
"../../../Engine/Content/VREditor/TransformGizmo/SM_Sequencer_Node.uexp" 438
"../../../Engine/Plugins/2D/Paper2D/Content/PlaceholderTextures/DummySpriteTexture.uasset" 439
"../../../Engine/Plugins/2D/Paper2D/Content/PlaceholderTextures/DummySpriteTexture.uexp" 440
"../../../Engine/Plugins/2D/Paper2D/Content/PlaceholderTextures/DummySpriteTexture.ubulk" 441
"../../../Engine/Plugins/2D/Paper2D/Content/DummySprite.uasset" 442
"../../../Engine/Plugins/2D/Paper2D/Content/DummySprite.uexp" 443
"../../../Engine/Plugins/2D/Paper2D/Content/DefaultPaperTerrainMaterial.uasset" 444
"../../../Engine/Plugins/2D/Paper2D/Content/DefaultPaperTerrainMaterial.uexp" 445
"../../../Engine/Plugins/2D/Paper2D/Content/DefaultSpriteMaterial.uasset" 446
"../../../Engine/Plugins/2D/Paper2D/Content/DefaultSpriteMaterial.uexp" 447
"../../../Engine/Plugins/2D/Paper2D/Content/MaskedUnlitSpriteMaterial.uasset" 448
"../../../Engine/Plugins/2D/Paper2D/Content/MaskedUnlitSpriteMaterial.uexp" 449
"../../../Engine/Plugins/2D/Paper2D/Content/OpaqueUnlitSpriteMaterial.uasset" 450
"../../../Engine/Plugins/2D/Paper2D/Content/OpaqueUnlitSpriteMaterial.uexp" 451
"../../../Engine/Content/BasicShapes/Cylinder.uasset" 452
"../../../Engine/Content/BasicShapes/Cylinder.uexp" 453
"../../../Engine/Content/ArtTools/RenderToTexture/Materials/Debug/M_Emissive_Color.uasset" 454
"../../../Engine/Content/ArtTools/RenderToTexture/Materials/Debug/M_Emissive_Color.uexp" 455
"../../../Engine/Plugins/Lumin/MagicLeapPassableWorld/Content/MagicLeapARPinInfoActor.uasset" 456
"../../../Engine/Plugins/Lumin/MagicLeapPassableWorld/Content/MagicLeapARPinInfoActor.uexp" 457
"../../../Engine/Plugins/Runtime/OpenXR/Content/Devices/GoogleDaydream/MRTexture.uasset" 458
"../../../Engine/Plugins/Runtime/OpenXR/Content/Devices/GoogleDaydream/MRTexture.uexp" 459
"../../../Engine/Plugins/Runtime/OpenXR/Content/Devices/GoogleDaydream/MRTexture.ubulk" 460
"../../../Engine/Plugins/Runtime/OpenXR/Content/Devices/GoogleDaydream/BaseTexture.uasset" 461
"../../../Engine/Plugins/Runtime/OpenXR/Content/Devices/GoogleDaydream/BaseTexture.uexp" 462
"../../../Engine/Plugins/Runtime/OpenXR/Content/Devices/GoogleDaydream/BaseTexture.ubulk" 463
"../../../Engine/Content/EngineResources/Black.uasset" 464
"../../../Engine/Content/EngineResources/Black.uexp" 465
"../../../Engine/Plugins/Runtime/OpenXR/Content/Devices/M_XRController.uasset" 466
"../../../Engine/Plugins/Runtime/OpenXR/Content/Devices/M_XRController.uexp" 467
"../../../Engine/Plugins/Runtime/OpenXR/Content/Devices/GoogleDaydream/MI_GoogleDaydream.uasset" 468
"../../../Engine/Plugins/Runtime/OpenXR/Content/Devices/GoogleDaydream/MI_GoogleDaydream.uexp" 469
"../../../Engine/Plugins/Runtime/OpenXR/Content/Devices/GoogleDaydream/GoogleDaydreamController.uasset" 470
"../../../Engine/Plugins/Runtime/OpenXR/Content/Devices/GoogleDaydream/GoogleDaydreamController.uexp" 471
"../../../Engine/Plugins/Runtime/OpenXR/Content/Devices/HTCVive/BaseTexture.uasset" 472
"../../../Engine/Plugins/Runtime/OpenXR/Content/Devices/HTCVive/BaseTexture.uexp" 473
"../../../Engine/Plugins/Runtime/OpenXR/Content/Devices/HTCVive/BaseTexture.ubulk" 474
"../../../Engine/Plugins/Runtime/OpenXR/Content/Devices/HTCVive/MI_HTCVive.uasset" 475
"../../../Engine/Plugins/Runtime/OpenXR/Content/Devices/HTCVive/MI_HTCVive.uexp" 476
"../../../Engine/Plugins/Runtime/OpenXR/Content/Devices/HTCVive/HTCViveController.uasset" 477
"../../../Engine/Plugins/Runtime/OpenXR/Content/Devices/HTCVive/HTCViveController.uexp" 478
"../../../Engine/Plugins/Runtime/OpenXR/Content/Devices/MicrosoftMixedReality/NormalTexture.uasset" 479
"../../../Engine/Plugins/Runtime/OpenXR/Content/Devices/MicrosoftMixedReality/NormalTexture.uexp" 480
"../../../Engine/Plugins/Runtime/OpenXR/Content/Devices/MicrosoftMixedReality/NormalTexture.ubulk" 481
"../../../Engine/Plugins/Runtime/OpenXR/Content/Devices/MicrosoftMixedReality/MRTexture.uasset" 482
"../../../Engine/Plugins/Runtime/OpenXR/Content/Devices/MicrosoftMixedReality/MRTexture.uexp" 483
"../../../Engine/Plugins/Runtime/OpenXR/Content/Devices/MicrosoftMixedReality/MRTexture.ubulk" 484
"../../../Engine/Plugins/Runtime/OpenXR/Content/Devices/MicrosoftMixedReality/EmissiveTexture.uasset" 485
"../../../Engine/Plugins/Runtime/OpenXR/Content/Devices/MicrosoftMixedReality/EmissiveTexture.uexp" 486
"../../../Engine/Plugins/Runtime/OpenXR/Content/Devices/MicrosoftMixedReality/EmissiveTexture.ubulk" 487
"../../../Engine/Plugins/Runtime/OpenXR/Content/Devices/MicrosoftMixedReality/BaseTexture.uasset" 488
"../../../Engine/Plugins/Runtime/OpenXR/Content/Devices/MicrosoftMixedReality/BaseTexture.uexp" 489
"../../../Engine/Plugins/Runtime/OpenXR/Content/Devices/MicrosoftMixedReality/BaseTexture.ubulk" 490
"../../../Engine/Plugins/Runtime/OpenXR/Content/Devices/MicrosoftMixedReality/MI_MicrosoftMixedReality.uasset" 491
"../../../Engine/Plugins/Runtime/OpenXR/Content/Devices/MicrosoftMixedReality/MI_MicrosoftMixedReality.uexp" 492
"../../../Engine/Plugins/Runtime/OpenXR/Content/Devices/MicrosoftMixedReality/Left/left_MicrosoftMixedRealityController.uasset" 493
"../../../Engine/Plugins/Runtime/OpenXR/Content/Devices/MicrosoftMixedReality/Left/left_MicrosoftMixedRealityController.uexp" 494
"../../../Engine/Plugins/Runtime/OpenXR/Content/Devices/MicrosoftMixedReality/Right/right_MicrosoftMixedRealityController.uasset" 495
"../../../Engine/Plugins/Runtime/OpenXR/Content/Devices/MicrosoftMixedReality/Right/right_MicrosoftMixedRealityController.uexp" 496
"../../../Engine/Plugins/Runtime/OpenXR/Content/Devices/OculusGo/BaseTexture.uasset" 497
"../../../Engine/Plugins/Runtime/OpenXR/Content/Devices/OculusGo/BaseTexture.uexp" 498
"../../../Engine/Plugins/Runtime/OpenXR/Content/Devices/OculusGo/BaseTexture.ubulk" 499
"../../../Engine/Plugins/Runtime/OpenXR/Content/Devices/OculusGo/MI_OculusGo.uasset" 500
"../../../Engine/Plugins/Runtime/OpenXR/Content/Devices/OculusGo/MI_OculusGo.uexp" 501
"../../../Engine/Plugins/Runtime/OpenXR/Content/Devices/OculusGo/OculusGoController.uasset" 502
"../../../Engine/Plugins/Runtime/OpenXR/Content/Devices/OculusGo/OculusGoController.uexp" 503
"../../../Engine/Plugins/Runtime/OpenXR/Content/Devices/OculusTouch/MRTexture.uasset" 504
"../../../Engine/Plugins/Runtime/OpenXR/Content/Devices/OculusTouch/MRTexture.uexp" 505
"../../../Engine/Plugins/Runtime/OpenXR/Content/Devices/OculusTouch/MRTexture.ubulk" 506
"../../../Engine/Plugins/Runtime/OpenXR/Content/Devices/OculusTouch/BaseTexture.uasset" 507
"../../../Engine/Plugins/Runtime/OpenXR/Content/Devices/OculusTouch/BaseTexture.uexp" 508
"../../../Engine/Plugins/Runtime/OpenXR/Content/Devices/OculusTouch/BaseTexture.ubulk" 509
"../../../Engine/Plugins/Runtime/OpenXR/Content/Devices/OculusTouch/MI_OculusTouch.uasset" 510
"../../../Engine/Plugins/Runtime/OpenXR/Content/Devices/OculusTouch/MI_OculusTouch.uexp" 511
"../../../Engine/Plugins/Runtime/OpenXR/Content/Devices/OculusTouch/Left/left_OculusTouchController.uasset" 512
"../../../Engine/Plugins/Runtime/OpenXR/Content/Devices/OculusTouch/Left/left_OculusTouchController.uexp" 513
"../../../Engine/Plugins/Runtime/OpenXR/Content/Devices/OculusTouch/Right/right_OculusTouchController.uasset" 514
"../../../Engine/Plugins/Runtime/OpenXR/Content/Devices/OculusTouch/Right/right_OculusTouchController.uexp" 515
"../../../Engine/Plugins/Runtime/OpenXR/Content/Devices/OculusTouch_v2/MRTexture.uasset" 516
"../../../Engine/Plugins/Runtime/OpenXR/Content/Devices/OculusTouch_v2/MRTexture.uexp" 517
"../../../Engine/Plugins/Runtime/OpenXR/Content/Devices/OculusTouch_v2/MRTexture.ubulk" 518
"../../../Engine/Plugins/Runtime/OpenXR/Content/Devices/OculusTouch_v2/BaseTexture.uasset" 519
"../../../Engine/Plugins/Runtime/OpenXR/Content/Devices/OculusTouch_v2/BaseTexture.uexp" 520
"../../../Engine/Plugins/Runtime/OpenXR/Content/Devices/OculusTouch_v2/BaseTexture.ubulk" 521
"../../../Engine/Plugins/Runtime/OpenXR/Content/Devices/OculusTouch_v2/MI_OculusTouch_v2.uasset" 522
"../../../Engine/Plugins/Runtime/OpenXR/Content/Devices/OculusTouch_v2/MI_OculusTouch_v2.uexp" 523
"../../../Engine/Plugins/Runtime/OpenXR/Content/Devices/OculusTouch_v2/Left/left_OculusTouch_v2Controller.uasset" 524
"../../../Engine/Plugins/Runtime/OpenXR/Content/Devices/OculusTouch_v2/Left/left_OculusTouch_v2Controller.uexp" 525
"../../../Engine/Plugins/Runtime/OpenXR/Content/Devices/OculusTouch_v2/Right/right_OculusTouch_v2Controller.uasset" 526
"../../../Engine/Plugins/Runtime/OpenXR/Content/Devices/OculusTouch_v2/Right/right_OculusTouch_v2Controller.uexp" 527
"../../../Engine/Plugins/Runtime/OpenXR/Content/Devices/OculusTouch_v3/MRTexture.uasset" 528
"../../../Engine/Plugins/Runtime/OpenXR/Content/Devices/OculusTouch_v3/MRTexture.uexp" 529
"../../../Engine/Plugins/Runtime/OpenXR/Content/Devices/OculusTouch_v3/MRTexture.ubulk" 530
"../../../Engine/Plugins/Runtime/OpenXR/Content/Devices/OculusTouch_v3/BaseTexture.uasset" 531
"../../../Engine/Plugins/Runtime/OpenXR/Content/Devices/OculusTouch_v3/BaseTexture.uexp" 532
"../../../Engine/Plugins/Runtime/OpenXR/Content/Devices/OculusTouch_v3/BaseTexture.ubulk" 533
"../../../Engine/Plugins/Runtime/OpenXR/Content/Devices/OculusTouch_v3/MI_OculusTouch_v3.uasset" 534
"../../../Engine/Plugins/Runtime/OpenXR/Content/Devices/OculusTouch_v3/MI_OculusTouch_v3.uexp" 535
"../../../Engine/Plugins/Runtime/OpenXR/Content/Devices/OculusTouch_v3/Left/left_OculusTouch_v3Controller.uasset" 536
"../../../Engine/Plugins/Runtime/OpenXR/Content/Devices/OculusTouch_v3/Left/left_OculusTouch_v3Controller.uexp" 537
"../../../Engine/Plugins/Runtime/OpenXR/Content/Devices/OculusTouch_v3/Right/right_OculusTouch_v3Controller.uasset" 538
"../../../Engine/Plugins/Runtime/OpenXR/Content/Devices/OculusTouch_v3/Right/right_OculusTouch_v3Controller.uexp" 539
"../../../Engine/Plugins/Runtime/OpenXR/Content/Devices/ValveIndex/MRTexture.uasset" 540
"../../../Engine/Plugins/Runtime/OpenXR/Content/Devices/ValveIndex/MRTexture.uexp" 541
"../../../Engine/Plugins/Runtime/OpenXR/Content/Devices/ValveIndex/MRTexture.ubulk" 542
"../../../Engine/Plugins/Runtime/OpenXR/Content/Devices/ValveIndex/BaseTexture.uasset" 543
"../../../Engine/Plugins/Runtime/OpenXR/Content/Devices/ValveIndex/BaseTexture.uexp" 544
"../../../Engine/Plugins/Runtime/OpenXR/Content/Devices/ValveIndex/BaseTexture.ubulk" 545
"../../../Engine/Plugins/Runtime/OpenXR/Content/Devices/ValveIndex/Left/MI_left_ValveIndex.uasset" 546
"../../../Engine/Plugins/Runtime/OpenXR/Content/Devices/ValveIndex/Left/MI_left_ValveIndex.uexp" 547
"../../../Engine/Plugins/Runtime/OpenXR/Content/Devices/ValveIndex/Left/left_ValveIndexController.uasset" 548
"../../../Engine/Plugins/Runtime/OpenXR/Content/Devices/ValveIndex/Left/left_ValveIndexController.uexp" 549
"../../../Engine/Plugins/Runtime/OpenXR/Content/Devices/ValveIndex/Right/MI_right_ValveIndex.uasset" 550
"../../../Engine/Plugins/Runtime/OpenXR/Content/Devices/ValveIndex/Right/MI_right_ValveIndex.uexp" 551
"../../../Engine/Plugins/Runtime/OpenXR/Content/Devices/ValveIndex/Right/right_ValveIndexController.uasset" 552
"../../../Engine/Plugins/Runtime/OpenXR/Content/Devices/ValveIndex/Right/right_ValveIndexController.uexp" 553
"../../../Engine/Content/Functions/Engine_MaterialFunctions02/Utility/BreakOutFloat3Components.uasset" 554
"../../../Engine/Content/Functions/Engine_MaterialFunctions02/Utility/BreakOutFloat3Components.uexp" 555
"../../../Engine/Plugins/Editor/SpeedTreeImporter/Content/SpeedTree9/UnpackInteger3.uasset" 556
"../../../Engine/Plugins/Editor/SpeedTreeImporter/Content/SpeedTree9/UnpackInteger3.uexp" 557
"../../../Engine/Plugins/Editor/SpeedTreeImporter/Content/SpeedTree9/UnpackDirection.uasset" 558
"../../../Engine/Plugins/Editor/SpeedTreeImporter/Content/SpeedTree9/UnpackDirection.uexp" 559
"../../../Engine/Plugins/Editor/SpeedTreeImporter/Content/SpeedTree9/game_wind_noise.uasset" 560
"../../../Engine/Plugins/Editor/SpeedTreeImporter/Content/SpeedTree9/game_wind_noise.uexp" 561
"../../../Engine/Plugins/Editor/SpeedTreeImporter/Content/SpeedTree9/game_wind_noise.ubulk" 562
"../../../Engine/Content/Functions/Engine_MaterialFunctions02/SafeNormalize.uasset" 563
"../../../Engine/Content/Functions/Engine_MaterialFunctions02/SafeNormalize.uexp" 564
"../../../Engine/Plugins/Editor/SpeedTreeImporter/Content/SpeedTree9/SpeedTreeWindMotion.uasset" 565
"../../../Engine/Plugins/Editor/SpeedTreeImporter/Content/SpeedTree9/SpeedTreeWindMotion.uexp" 566
"../../../Engine/Plugins/Editor/SpeedTreeImporter/Content/SpeedTree9/SpeedTreeBranchMotion.uasset" 567
"../../../Engine/Plugins/Editor/SpeedTreeImporter/Content/SpeedTree9/SpeedTreeBranchMotion.uexp" 568
"../../../Engine/Content/Functions/Engine_MaterialFunctions02/ObjectLocalBounds.uasset" 569
"../../../Engine/Content/Functions/Engine_MaterialFunctions02/ObjectLocalBounds.uexp" 570
"../../../Engine/Content/Functions/Engine_MaterialFunctions02/UVs/BoundingBoxBased_0-1_UVW.uasset" 571
"../../../Engine/Content/Functions/Engine_MaterialFunctions02/UVs/BoundingBoxBased_0-1_UVW.uexp" 572
"../../../Engine/Content/Functions/Engine_MaterialFunctions02/Utility/VectorLength.uasset" 573
"../../../Engine/Content/Functions/Engine_MaterialFunctions02/Utility/VectorLength.uexp" 574
"../../../Engine/Content/Functions/Engine_MaterialFunctions02/WorldPositionOffset/ObjectScale.uasset" 575
"../../../Engine/Content/Functions/Engine_MaterialFunctions02/WorldPositionOffset/ObjectScale.uexp" 576
"../../../Engine/Plugins/Editor/SpeedTreeImporter/Content/SpeedTree9/SpeedTreeWind.uasset" 577
"../../../Engine/Plugins/Editor/SpeedTreeImporter/Content/SpeedTree9/SpeedTreeWind.uexp" 578
"../../../Engine/Plugins/Editor/SpeedTreeImporter/Content/SpeedTree9/SpeedTreeBillboard.uasset" 579
"../../../Engine/Plugins/Editor/SpeedTreeImporter/Content/SpeedTree9/SpeedTreeBillboard.uexp" 580
"../../../Engine/Plugins/Editor/SpeedTreeImporter/Content/SpeedTree9/EmptyNormal.uasset" 581
"../../../Engine/Plugins/Editor/SpeedTreeImporter/Content/SpeedTree9/EmptyNormal.uexp" 582
"../../../Engine/Plugins/Editor/SpeedTreeImporter/Content/SpeedTree9/Empty.uasset" 583
"../../../Engine/Plugins/Editor/SpeedTreeImporter/Content/SpeedTree9/Empty.uexp" 584
"../../../Engine/Plugins/Editor/SpeedTreeImporter/Content/SpeedTree9/SpeedTreeBillboardMaster.uasset" 585
"../../../Engine/Plugins/Editor/SpeedTreeImporter/Content/SpeedTree9/SpeedTreeBillboardMaster.uexp" 586
"../../../Engine/Plugins/Editor/SpeedTreeImporter/Content/SpeedTree9/SpeedTreeCameraFacing.uasset" 587
"../../../Engine/Plugins/Editor/SpeedTreeImporter/Content/SpeedTree9/SpeedTreeCameraFacing.uexp" 588
"../../../Engine/Plugins/Editor/SpeedTreeImporter/Content/SpeedTree9/SpeedTreeMaster.uasset" 589
"../../../Engine/Plugins/Editor/SpeedTreeImporter/Content/SpeedTree9/SpeedTreeMaster.uexp" 590
"../../../Engine/Content/Functions/Engine_MaterialFunctions02/Utility/BreakOutFloat4Components.uasset" 591
"../../../Engine/Content/Functions/Engine_MaterialFunctions02/Utility/BreakOutFloat4Components.uexp" 592
"../../../Engine/Content/Functions/Engine_MaterialFunctions02/Utility/MakeFloat3.uasset" 593
"../../../Engine/Content/Functions/Engine_MaterialFunctions02/Utility/MakeFloat3.uexp" 594
"../../../Engine/Plugins/Runtime/Oculus/OculusVR/Content/Materials/OculusMR_ChromaKey.uasset" 595
"../../../Engine/Plugins/Runtime/Oculus/OculusVR/Content/Materials/OculusMR_ChromaKey.uexp" 596
"../../../Engine/Plugins/Runtime/Oculus/OculusVR/Content/Materials/OculusMR_OpaqueColoredMaterial.uasset" 597
"../../../Engine/Plugins/Runtime/Oculus/OculusVR/Content/Materials/OculusMR_OpaqueColoredMaterial.uexp" 598
"../../../Engine/Plugins/Runtime/Oculus/OculusVR/Content/Materials/PokeAHoleMaterial.uasset" 599
"../../../Engine/Plugins/Runtime/Oculus/OculusVR/Content/Materials/PokeAHoleMaterial.uexp" 600
"../../../Engine/Plugins/Runtime/Oculus/OculusVR/Content/Textures/touchController_controlmap.uasset" 601
"../../../Engine/Plugins/Runtime/Oculus/OculusVR/Content/Textures/touchController_controlmap.uexp" 602
"../../../Engine/Plugins/Runtime/Oculus/OculusVR/Content/Textures/touchController_controlmap.ubulk" 603
"../../../Engine/Plugins/Runtime/Oculus/OculusVR/Content/Textures/touchController_albedo.uasset" 604
"../../../Engine/Plugins/Runtime/Oculus/OculusVR/Content/Textures/touchController_albedo.uexp" 605
"../../../Engine/Plugins/Runtime/Oculus/OculusVR/Content/Textures/touchController_albedo.ubulk" 606
"../../../Engine/Plugins/Runtime/Oculus/OculusVR/Content/Materials/touchController_mat.uasset" 607
"../../../Engine/Plugins/Runtime/Oculus/OculusVR/Content/Materials/touchController_mat.uexp" 608
"../../../Engine/Plugins/Runtime/Oculus/OculusVR/Content/Meshes/LeftTouchController.uasset" 609
"../../../Engine/Plugins/Runtime/Oculus/OculusVR/Content/Meshes/LeftTouchController.uexp" 610
"../../../Engine/Plugins/Runtime/Oculus/OculusVR/Content/Textures/TouchForQuestRiftSController_albedo.uasset" 611
"../../../Engine/Plugins/Runtime/Oculus/OculusVR/Content/Textures/TouchForQuestRiftSController_albedo.uexp" 612
"../../../Engine/Plugins/Runtime/Oculus/OculusVR/Content/Textures/TouchForQuestRiftSController_albedo.ubulk" 613
"../../../Engine/Plugins/Runtime/Oculus/OculusVR/Content/Materials/TouchForQuestRiftSControllerMaterial.uasset" 614
"../../../Engine/Plugins/Runtime/Oculus/OculusVR/Content/Materials/TouchForQuestRiftSControllerMaterial.uexp" 615
"../../../Engine/Plugins/Runtime/Oculus/OculusVR/Content/Meshes/LeftTouchForQuestRiftSController.uasset" 616
"../../../Engine/Plugins/Runtime/Oculus/OculusVR/Content/Meshes/LeftTouchForQuestRiftSController.uexp" 617
"../../../Engine/Plugins/Runtime/Oculus/OculusVR/Content/Meshes/RiftHMD.uasset" 618
"../../../Engine/Plugins/Runtime/Oculus/OculusVR/Content/Meshes/RiftHMD.uexp" 619
"../../../Engine/Plugins/Runtime/Oculus/OculusVR/Content/Meshes/RightTouchController.uasset" 620
"../../../Engine/Plugins/Runtime/Oculus/OculusVR/Content/Meshes/RightTouchController.uexp" 621
"../../../Engine/Plugins/Runtime/Oculus/OculusVR/Content/Meshes/RightTouchForQuestRiftSController.uasset" 622
"../../../Engine/Plugins/Runtime/Oculus/OculusVR/Content/Meshes/RightTouchForQuestRiftSController.uexp" 623
"../../../Engine/Content/EngineSky/T_Sky_Stars.uasset" 624
"../../../Engine/Content/EngineSky/T_Sky_Stars.uexp" 625
"../../../Engine/Content/EngineSky/T_Sky_Stars.ubulk" 626
"../../../Engine/Content/EngineSky/T_Sky_Clouds_M.uasset" 627
"../../../Engine/Content/EngineSky/T_Sky_Clouds_M.uexp" 628
"../../../Engine/Content/EngineSky/T_Sky_Clouds_M.ubulk" 629
"../../../Engine/Content/EngineSky/T_Sky_Blue.uasset" 630
"../../../Engine/Content/EngineSky/T_Sky_Blue.uexp" 631
"../../../Engine/Content/EngineSky/T_Sky_Blue.ubulk" 632
"../../../Engine/Content/EngineSky/M_Sky_Panning_Clouds2.uasset" 633
"../../../Engine/Content/EngineSky/M_Sky_Panning_Clouds2.uexp" 634
"../../../Engine/Content/Functions/Engine_MaterialFunctions03/Procedurals/ComputeFilterWidth.uasset" 635
"../../../Engine/Content/Functions/Engine_MaterialFunctions03/Procedurals/ComputeFilterWidth.uexp" 636
"../../../Engine/Content/EngineMaterials/AntiAliasedTextMaterialTranslucent.uasset" 637
"../../../Engine/Content/EngineMaterials/AntiAliasedTextMaterialTranslucent.uexp" 638
"../../../Engine/Content/BasicShapes/BasicShapeMaterial.uasset" 639
"../../../Engine/Content/BasicShapes/BasicShapeMaterial.uexp" 640
"C:/Users/ianra/Downloads/Grappler_Scroller_IanR (2)/SideScroller2_IanR/Content/SideScrollerBP/Maps/Grapple_Runner_BuiltData.uasset" 641
"C:/Users/ianra/Downloads/Grappler_Scroller_IanR (2)/SideScroller2_IanR/Content/SideScrollerBP/Maps/Grapple_Runner_BuiltData.uexp" 642
"C:/Users/ianra/Downloads/Grappler_Scroller_IanR (2)/SideScroller2_IanR/Content/SideScrollerBP/Maps/Grapple_Runner_BuiltData.ubulk" 643
"../../../Engine/Content/EngineSky/SM_SkySphere.uasset" 644
"../../../Engine/Content/EngineSky/SM_SkySphere.uexp" 645
"../../../Engine/Content/EngineSky/C_Sky_Zenith_Color.uasset" 646
"../../../Engine/Content/EngineSky/C_Sky_Zenith_Color.uexp" 647
"../../../Engine/Content/EngineSky/C_Sky_Horizon_Color.uasset" 648
"../../../Engine/Content/EngineSky/C_Sky_Horizon_Color.uexp" 649
"../../../Engine/Content/EngineSky/C_Sky_Cloud_Color.uasset" 650
"../../../Engine/Content/EngineSky/C_Sky_Cloud_Color.uexp" 651
"../../../Engine/Content/EngineSky/BP_Sky_Sphere.uasset" 652
"../../../Engine/Content/EngineSky/BP_Sky_Sphere.uexp" 653
"C:/Users/ianra/Downloads/Grappler_Scroller_IanR (2)/SideScroller2_IanR/Content/SideScrollerBP/Floor.uasset" 654
"C:/Users/ianra/Downloads/Grappler_Scroller_IanR (2)/SideScroller2_IanR/Content/SideScrollerBP/Floor.uexp" 655
"../../../Engine/Content/BasicShapes/Cube.uasset" 656
"../../../Engine/Content/BasicShapes/Cube.uexp" 657
"C:/Users/ianra/Downloads/Grappler_Scroller_IanR (2)/SideScroller2_IanR/Content/SideScrollerBP/SlowBox.uasset" 658
"C:/Users/ianra/Downloads/Grappler_Scroller_IanR (2)/SideScroller2_IanR/Content/SideScrollerBP/SlowBox.uexp" 659
"C:/Users/ianra/Downloads/Grappler_Scroller_IanR (2)/SideScroller2_IanR/Content/SideScrollerBP/Boxes.uasset" 660
"C:/Users/ianra/Downloads/Grappler_Scroller_IanR (2)/SideScroller2_IanR/Content/SideScrollerBP/Boxes.uexp" 661
"C:/Users/ianra/Downloads/Grappler_Scroller_IanR (2)/SideScroller2_IanR/Content/SideScrollerBP/Blocks.uasset" 662
"C:/Users/ianra/Downloads/Grappler_Scroller_IanR (2)/SideScroller2_IanR/Content/SideScrollerBP/Blocks.uexp" 663
"C:/Users/ianra/Downloads/Grappler_Scroller_IanR (2)/SideScroller2_IanR/Content/SideScrollerBP/Maps/Grapple_Runner.uexp" 664
"C:/Users/ianra/Downloads/Grappler_Scroller_IanR (2)/SideScroller2_IanR/Content/SideScrollerBP/Maps/Grapple_Runner.umap" 665
"../../../Engine/Content/Maps/Entry_BuiltData.uasset" 666
"../../../Engine/Content/Maps/Entry_BuiltData.uexp" 667
"../../../Engine/Content/Maps/Entry.uexp" 668
"../../../Engine/Content/Maps/Entry.umap" 669
